62 48 55 49 62 47 60 48 61 48 57 49 53 49 57 48 63 47 52 49 64 47 59 48 51 50 54 49 56 49 52 50 58 48 50 50
58 51 55 50 66 51 53 50 57 50 58 50 64 51 54 50 65 51 63 51 61 51 59 51 51 50 56 50 62 51 52 50 50 50 60 51
40 54 39 55 49 51 46 52 45 52 42 54 40 55 45 53 42 53 48 51 49 50 41 54 43 53 47 52 47 51 50 50 44 53
50 47 51 47 52 41 51 46 51 45 50 48 52 40 52 42 50 49 51 43 52 39 51 42 50 50 51 44
44 45 48 48 40 42 46 47 45 46 43 44 50 50 47 48 43 45 38 41 49 49 44 46 41 43 42 44 41 44 40 43 39 41 47 47 48 49 45 47 49 50 39 42
44 42 47 46 45 44 46 45 46 44 43 41 43 40 48 48 47 45 45 43 45 42 44 41 48 46 50 49 48 47 49 48 49 49 50 50
39 46 40 47 37 46 47 49 50 50 46 48 33 44 45 48 38 46 49 49 40 46 43 47 46 49 43 48 34 44 37 45 35 45 42 47 36 45 48 49 44 48 41 47 49 50 34 45
48 57 49 52 49 56 48 58 50 50 48 61 49 54 47 61 48 59 47 62 49 55 49 57 50 52 49 53 48 60 47 63 50 51
63 42 56 47 54 48 61 43 51 49 50 50 64 42 60 45 54 47 63 43 58 45 59 45 51 50 61 44 62 43 57 46 52 49 55 47 53 49 53 48 56 46 58 46 60 44
57 56 53 53 60 59 63 61 50 50 54 53 62 61 51 50 51 51 53 52 56 55 62 60 61 59 55 54 59 58 61 60 54 54 55 55 58 57 52 52 52 51 58 56 60 58 59 57
53 46 58 38 52 48 55 41 51 49 50 50 54 43 53 44 56 41 55 43 55 42 58 37 51 48 50 49 52 47 52 46 56 39 56 40 57 38 54 44 57 39 53 45
43 43 44 45 48 48 46 47 45 46 43 44 40 40 50 50 39 39 36 37 37 37 46 46 39 40 47 48 38 39 49 49 38 38 37 38 42 42 41 42 47 47 48 49 44 44 45 45 40 41 49 50 42 43 41 41
49 51 46 52 45 52 42 54 44 52 42 53 48 51 49 50 41 54 43 53 47 52 47 51 50 50 44 53
59 57 51 51 55 54 57 56 59 58 56 54 54 54 58 57 52 52 52 51 51 50 53 52 53 53 57 55 58 56 60 58 56 55 50 50 54 53
57 43 60 41 63 37 52 48 58 43 59 41 55 46 51 49 57 44 50 50 54 47 61 40 53 47 56 45 62 38 56 44 51 50 58 42 63 38 64 37 52 49 59 42 53 48 55 45 62 39 54 46 61 39 60 40
46 53 39 58 48 51 47 53 40 57 42 55 50 50 38 58 44 55 42 56 47 52 44 54 45 54 40 58 43 55 45 53 48 52 41 57 41 56 37 60 36 60 49 50 49 51 37 59 38 59
52 58 52 60 53 63 50 50 52 59 51 56 51 57 50 51 53 61 54 68 51 52 54 66 51 54 53 65 50 52 51 55 52 57 53 62 53 64 53 66 54 67 52 61 51 53
58 58 51 51 55 54 57 56 59 58 57 57 54 54 55 55 58 57 52 52 52 51 51 50 53 52 53 53 56 56 56 55 50 50 54 53
57 56 56 54 53 53 50 50 54 53 62 59 61 58 60 57 51 50 51 51 63 60 53 52 56 55 62 60 61 59 55 54 58 57 55 53 52 52 52 51 57 55 58 56 60 58 59 57
63 53 50 50 67 54 59 52 62 52 51 50 69 54 54 51 64 53 57 52 66 53 65 53 55 51 67 53 57 51 52 50 62 53 52 51 61 52 60 52 53 51 56 51 58 52 68 54
56 47 57 47 54 48 51 49 50 50 60 45 63 43 64 43 59 45 51 50 61 44 66 42 57 46 61 45 63 44 65 42 52 49 62 44 59 46 53 49 55 47 53 48 55 48 58 46 65 43
52 53 53 54 56 58 51 51 51 52 50 50 54 55 54 56 55 57 54 57 56 59 52 52 55 58 53 55 52 54 50 51
58 51 55 50 53 50 54 50 55 51 59 51 51 50 57 51 56 51 52 50 50 50 60 51
58 58 51 51 59 59 57 57 54 54 55 55 52 52 53 53 62 62 60 60 56 56 50 50 61 61
50 47 51 41 50 46 50 45 50 48 51 45 50 49 51 43 51 40 51 42 51 39 50 50 51 44
50 57 50 59 50 55 50 56 50 64 50 63 50 50 50 53 50 54 50 58 50 60 50 52 50 66 50 61 50 51 50 62 50 65
41 48 46 49 45 49 44 49 43 49 42 48 38 48 39 48 36 47 35 47 48 50 40 48 34 47 49 50 47 49 42 49 37 47 37 48 47 50 50 50
55 49 61 47 59 47 53 49 57 48 60 47 52 49 58 48 59 48 51 50 54 49 56 49 52 50 56 48 50 50
48 54 47 56 45 61 45 60 48 56 50 50 46 58 49 53 46 59 50 51 49 52 45 63 43 65 48 53 44 63 47 58 49 51 48 55 44 64 43 66 45 62 47 57 44 65 46 60
40 54 46 52 40 55 43 54 36 56 48 51 43 53 50 50 44 53 38 55 35 57 45 52 38 56 34 58 47 52 34 57 47 51 39 55 45 53 33 58 37 56 42 54 36 57 49 50 41 54 49 51
44 40 47 46 46 44 47 45 45 42 44 41 48 46 50 49 46 43 48 47 45 41 49 48 49 49 50 50 47 44
48 58 49 56 50 50 50 53 49 54 49 58 48 59 49 55 49 57 50 52 49 53 48 60 50 51
44 58 48 54 44 59 49 52 46 56 50 50 47 55 46 57 47 54 48 52 48 53 45 58 45 57 49 51 50 51 46 55
55 50 53 50 55 49 54 50 58 49 57 49 60 49 51 50 56 49 52 50 50 50 59 49
50 47 50 44 50 36 50 41 50 34 50 46 50 42 50 33 50 39 50 45 50 48 50 37 50 49 50 32 50 35 50 43 50 40 50 38 50 50
58 51 55 50 53 50 57 50 64 51 65 51 54 50 63 51 61 51 59 51 51 50 56 50 62 51 52 50 50 50 60 51
36 44 47 49 50 50 37 44 46 48 35 43 45 48 47 48 44 47 39 45 38 45 49 49 40 46 43 47 37 45 41 46 35 44 42 47 48 49 44 48 40 45 34 43 49 50 42 46
47 47 44 42 47 46 45 44 46 45 46 44 48 48 47 45 45 43 44 43 50 49 48 47 49 48 49 49 50 50
63 42 56 47 54 48 51 49 50 50 64 42 60 45 54 47 63 43 66 41 58 45 59 45 51 50 61 44 62 43 57 46 65 42 52 49 65 41 62 44 55 47 53 49 53 48 56 46 58 46 60 44
52 60 50 50 52 59 51 56 51 57 52 62 50 51 53 68 51 58 53 67 51 54 51 59 53 65 50 52 51 55 53 66 50 53 52 63 52 65 52 64 52 61 51 53
56 52 57 53 51 51 60 53 58 53 54 52 60 54 55 52 52 51 51 50 53 51 54 51 59 53 57 52 61 54 50 50
33 43 39 46 36 44 47 49 50 50 37 44 46 48 45 48 44 47 39 45 38 45 49 49 40 46 43 47 46 49 34 44 37 45 41 46 35 44 42 47 48 49 44 48 34 43 49 50
44 58 48 54 46 57 47 55 42 62 50 50 42 61 47 54 44 60 45 57 50 51 44 59 49 52 48 52 48 53 43 61 46 56 45 58 43 60 49 51 46 55
48 54 47 56 45 61 48 56 50 50 44 66 49 53 46 59 50 51 49 52 45 63 46 61 43 67 44 63 47 59 47 58 49 51 48 55 49 54 44 64 43 66 45 62 47 57 44 65 46 60
38 44 36 44 47 49 50 50 37 44 46 48 35 43 45 48 47 48 44 47 39 45 38 45 49 49 40 46 43 47 41 46 48 49 45 47 40 45 49 50 36 43 42 46
58 51 66 53 53 50 59 52 65 53 64 53 55 51 63 53 63 52 62 52 51 50 57 51 60 52 53 51 56 51 54 51 61 52 52 50 50 50 58 52
53 48 58 47 61 45 59 46 56 47 57 47 58 46 54 48 53 49 60 46 52 49 51 50 55 48 51 49 56 48 50 50 60 45
53 48 58 47 59 46 56 47 57 47 58 46 54 48 53 49 52 49 51 50 55 48 51 49 56 48 50 50
41 48 46 49 45 49 44 49 43 49 43 48 48 49 42 48 39 48 38 48 38 47 36 47 48 50 40 48 49 50 37 47 47 49 50 50
41 48 46 49 45 49 44 49 43 48 42 48 48 49 38 47 48 50 40 48 44 48 40 47 39 47 49 50 47 49 50 50
